<?xml version="1.0" encoding="UTF-8"?>
<testng-results skipped="0" failed="0" total="2" passed="2">
  <reporter-output>
  </reporter-output>
  <suite name="Suite" duration-ms="208" started-at="2019-06-29T11:08:08Z" finished-at="2019-06-29T11:08:09Z">
    <groups>
    </groups>
    <test name="Test" duration-ms="208" started-at="2019-06-29T11:08:08Z" finished-at="2019-06-29T11:08:09Z">
      <class name="TestScripts.LoginTC">
        <test-method status="PASS" signature="loginTC()[pri:0, instance:TestScripts.LoginTC@56dfcb]" name="loginTC" duration-ms="40" started-at="2019-06-29T16:38:09Z" finished-at="2019-06-29T16:38:09Z">
          <reporter-output>
          </reporter-output>
        </test-method> <!-- loginTC -->
        <test-method status="PASS" signature="logout()[pri:0, instance:TestScripts.LoginTC@56dfcb]" name="logout" duration-ms="3" started-at="2019-06-29T16:38:09Z" finished-at="2019-06-29T16:38:09Z">
          <reporter-output>
          </reporter-output>
        </test-method> <!-- logout -->
      </class> <!-- TestScripts.LoginTC -->
    </test> <!-- Test -->
  </suite> <!-- Suite -->
</testng-results>
