<?xml version="1.0" encoding="UTF-8"?>
<testng-results skipped="0" failed="0" total="1" passed="1">
  <reporter-output>
  </reporter-output>
  <suite name="Suite" duration-ms="68" started-at="2019-06-28T19:59:08Z" finished-at="2019-06-28T19:59:08Z">
    <groups>
    </groups>
    <test name="Test" duration-ms="68" started-at="2019-06-28T19:59:08Z" finished-at="2019-06-28T19:59:08Z">
      <class name="TestScripts.LoginTC">
        <test-method status="PASS" signature="loginTC()[pri:0, instance:TestScripts.LoginTC@56dfcb]" name="loginTC" duration-ms="26" started-at="2019-06-29T01:29:08Z" finished-at="2019-06-29T01:29:08Z">
          <reporter-output>
          </reporter-output>
        </test-method> <!-- loginTC -->
      </class> <!-- TestScripts.LoginTC -->
    </test> <!-- Test -->
  </suite> <!-- Suite -->
</testng-results>
